2026-03-10 14:17:47 #Search [lo]
2026-03-10 14:17:47 C:\xampp_v8_1_25\htdocs\apps\jariyatum_app-search\app\Cells\Auth\LogonForm
2026-03-10 14:17:47 C:\xampp_v8_1_25\htdocs\apps\jariyatum_app-search\app\Cells\Auth\LogonForm
2026-03-10 14:17:47 #Search [log]
2026-03-10 14:17:50 C:\xampp_v8_1_25\htdocs\apps\jariyatum_app-search\public\favicon-ci.ico
2026-03-10 14:17:55 C:\xampp_v8_1_25\htdocs\apps\jariyatum_app-search\public\favicon-ci.ico
2026-03-10 14:17:58 C:\xampp_v8_1_25\htdocs\apps\jariyatum_app-search\public\favicon.ico
2026-03-10 14:18:00 C:\xampp_v8_1_25\htdocs\apps\jariyatum_app-search\public\favicon.ico
2026-03-10 14:18:04 C:\xampp_v8_1_25\htdocs\apps\jariyatum_app-search\tests\unit\helper\AppStatusTest.php
2026-03-10 14:18:04 C:\xampp_v8_1_25\htdocs\apps\jariyatum_app-search\tests\unit\helper\AppStatusTest.php
2026-03-10 14:18:07 C:\xampp_v8_1_25\htdocs\apps\jariyatum_app-search\public\test222.txt
2026-03-10 14:18:08 C:\xampp_v8_1_25\htdocs\apps\jariyatum_app-search\public\test222.txt
2026-03-10 14:18:13 C:\xampp_v8_1_25\htdocs\apps\jariyatum_app-search\app\Views\html\home\test2.php
2026-03-10 14:18:15 C:\xampp_v8_1_25\htdocs\apps\jariyatum_app-search\app\Cells\Entry\MenuTop\test2
2026-03-10 14:18:16 C:\xampp_v8_1_25\htdocs\apps\jariyatum_app-search\public\bootstrap-5.0.2-dist\js\bootstrap.esm.min.js
2026-03-10 14:18:18 C:\xampp_v8_1_25\htdocs\apps\jariyatum_app-search\public\bootstrap-5.0.2-dist\js\bootstrap.esm.min.js
2026-03-10 14:18:21 C:\xampp_v8_1_25\htdocs\apps\jariyatum_app-search\app\Views\errors\cli\production.php
2026-03-10 14:18:22 C:\xampp_v8_1_25\htdocs\apps\jariyatum_app-search\tests\unit\checkdb\DbFieldsTest.php
2026-03-10 14:18:24 C:\xampp_v8_1_25\htdocs\apps\jariyatum_app-search\tests\unit\checkdb\DbFieldsTest.php
2026-03-10 14:18:28 C:\xampp_v8_1_25\htdocs\apps\jariyatum_app-search\public\bootstrap-5.0.2-dist\css\bootstrap-reboot.css
2026-03-10 14:18:29 C:\xampp_v8_1_25\htdocs\apps\jariyatum_app-search\public\bootstrap-5.0.2-dist\css\bootstrap-reboot.css
2026-03-10 14:18:38 C:\xampp_v8_1_25\htdocs\apps\jariyatum_app-search\app\Views\ITAdmin\index_it_admin.php
2026-03-10 14:18:38 C:\xampp_v8_1_25\htdocs\apps\jariyatum_app-search\app\Views\ITAdmin\index_it_admin.php
2026-03-10 14:18:50 C:\xampp_v8_1_25\htdocs\apps\jariyatum_app-search\app\Config\DocTypes.php
2026-03-10 14:18:50 C:\xampp_v8_1_25\htdocs\apps\jariyatum_app-search\app\Config\DocTypes.php
2026-03-10 14:18:58 C:\xampp_v8_1_25\htdocs\apps\jariyatum_app-search\app\Cells\Auth\LogonForm
2026-03-10 14:18:58 #Search [lo]
2026-03-10 14:19:07 C:\xampp_v8_1_25\htdocs\apps\jariyatum_app-search\app\Views\Entry
2026-03-10 14:19:20 C:\xampp_v8_1_25\htdocs\apps\jariyatum_app-search\tests\_support\Database\Migrations\2024-02-06-141946_AddTableYearTrimadWithData.php
2026-03-10 14:19:20 C:\xampp_v8_1_25\htdocs\apps\jariyatum_app-search\tests\_support\Database\Migrations\2024-02-06-141946_AddTableYearTrimadWithData.php
2026-03-10 14:19:26 C:\xampp_v8_1_25\htdocs\apps\jariyatum_app-search\tests\unit\checkdb\DbFieldsTest.php
2026-03-10 14:19:27 C:\xampp_v8_1_25\htdocs\apps\jariyatum_app-search\tests\unit\checkdb\DbFieldsTest.php
2026-03-10 14:19:33 C:\xampp_v8_1_25\htdocs\apps\jariyatum_app-search\tests\unit\helper\AppStatusTest.php
2026-03-10 14:19:34 C:\xampp_v8_1_25\htdocs\apps\jariyatum_app-search\tests\unit\helper\AppStatusTest.php
2026-03-10 14:19:49 C:\xampp_v8_1_25\htdocs\apps\jariyatum_app-search\app\Cells\Entry\SelectedActivityCell
2026-03-10 14:19:49 #Search [da]
2026-03-10 14:19:50 C:\xampp_v8_1_25\htdocs\apps\jariyatum_app-search\app\Config\Database.php
2026-03-10 14:19:50 #Search [dat]
2026-03-10 14:19:50 #Search [data]
2026-03-10 14:19:50 C:\xampp_v8_1_25\htdocs\apps\jariyatum_app-search\app\Config\Database.php
2026-03-10 14:19:58 C:\xampp_v8_1_25\htdocs\apps\jariyatum_app-search\app\Config\Database.php
2026-03-10 14:19:58 #Search [dat]
2026-03-10 14:19:59 #Search [data]
2026-03-10 14:19:59 C:\xampp_v8_1_25\htdocs\apps\jariyatum_app-search\app\Config\Database.php
2026-03-10 14:20:05 #Search [dat]
2026-03-10 14:20:05 C:\xampp_v8_1_25\htdocs\apps\jariyatum_app-search\app\Config\Database.php
2026-03-10 14:20:05 #Search [da]
2026-03-10 14:20:05 C:\xampp_v8_1_25\htdocs\apps\jariyatum_app-search\app\Cells\Entry\SelectedActivityCell
2026-03-10 14:20:07 #Search [sa]
2026-03-10 14:20:07 C:\xampp_v8_1_25\htdocs\apps\jariyatum_app-search\app\Cells\AlertMessageCell.php
2026-03-10 14:20:08 #Search [sa]
2026-03-10 14:20:08 C:\xampp_v8_1_25\htdocs\apps\jariyatum_app-search\app\Cells\AlertMessageCell.php
2026-03-10 14:20:08 #Search [se]
2026-03-10 14:20:08 C:\xampp_v8_1_25\htdocs\apps\jariyatum_app-search
2026-03-10 14:20:08 #Search [sea]
2026-03-10 14:20:08 C:\xampp_v8_1_25\htdocs\apps\jariyatum_app-search
2026-03-10 14:20:08 #Search [sear]
2026-03-10 14:20:08 C:\xampp_v8_1_25\htdocs\apps\jariyatum_app-search
2026-03-10 14:20:08 C:\xampp_v8_1_25\htdocs\apps\jariyatum_app-search
2026-03-10 14:20:08 #Search [searc]
2026-03-10 14:20:09 #Search [search]
2026-03-10 14:20:09 C:\xampp_v8_1_25\htdocs\apps\jariyatum_app-search
2026-03-10 14:41:18 C:\xampp_v8_1_25\htdocs\apps\jariyatum_app-search\app\Views\default_admin.php
2026-03-10 14:53:45 C:\xampp_v8_1_25\htdocs\apps\jariyatum_app-search\app\Views\Entry\Selector
2026-03-10 14:53:46 C:\xampp_v8_1_25\htdocs\apps\jariyatum_app-search\app\Views\Entry\Selector
2026-03-10 14:53:47 C:\xampp_v8_1_25\htdocs\apps\jariyatum_app-search\app\Views\Entry\Selector
2026-03-10 14:53:51 C:\xampp_v8_1_25\htdocs\apps\jariyatum_app-search\app\Cells\Entry\Selector
2026-03-10 14:53:59 C:\xampp_v8_1_25\htdocs\apps\jariyatum_app-search\tests\_support\Database\Migrations\2023-11-06-095006_AlterEvidence.php
2026-03-10 14:54:02 C:\xampp_v8_1_25\htdocs\apps\jariyatum_app-search\app\Views\ProvinceApprove\rep_send_year_count.php
2026-03-10 14:54:02 C:\xampp_v8_1_25\htdocs\apps\jariyatum_app-search\app\Views\ProvinceApprove\rep_send_year_count.php
2026-03-10 14:54:06 C:\xampp_v8_1_25\htdocs\apps\jariyatum_app-search\tests\_support\Database\Migrations\2024-01-23-042749_AddEvidenceTypeType.php
2026-03-10 14:54:08 C:\xampp_v8_1_25\htdocs\apps\jariyatum_app-search\tests\_support\Database\Migrations\2023-10-25-068802_AddEvidenceData.php
2026-03-10 14:54:09 C:\xampp_v8_1_25\htdocs\apps\jariyatum_app-search\tests\_support\Database\Seeds\TestNotSend67.php
2026-03-10 14:54:11 C:\xampp_v8_1_25\htdocs\apps\jariyatum_app-search\tests\_support\Database\Seeds\TestNotSend67.php
2026-03-10 14:54:12 C:\xampp_v8_1_25\htdocs\apps\jariyatum_app-search\tests\_support\Database\Seeds\TestNotSend67.php
2026-03-10 14:54:12 C:\xampp_v8_1_25\htdocs\apps\jariyatum_app-search\tests\_support\Database\Seeds\TestNotSend67.php
2026-03-10 14:54:13 C:\xampp_v8_1_25\htdocs\apps\jariyatum_app-search\tests\_support\Database\Seeds\TestNotSend67.php
2026-03-10 14:54:13 C:\xampp_v8_1_25\htdocs\apps\jariyatum_app-search\tests\_support\Database\Seeds\TestNotSend67.php
2026-03-10 14:54:13 C:\xampp_v8_1_25\htdocs\apps\jariyatum_app-search\tests\_support\Database\Seeds\TestNotSend67.php
2026-03-10 14:54:14 C:\xampp_v8_1_25\htdocs\apps\jariyatum_app-search\tests\_support\Database\Seeds\TestNotSend67.php
2026-03-10 14:54:14 C:\xampp_v8_1_25\htdocs\apps\jariyatum_app-search\tests\_support\Database\Seeds\TestNotSend67.php
2026-03-10 14:54:17 C:\xampp_v8_1_25\htdocs\apps\jariyatum_app-search\app\Database\Migrations\2024-01-29-071516_OrgRemoveDuplicate.php
2026-03-10 14:54:18 C:\xampp_v8_1_25\htdocs\apps\jariyatum_app-search\app\Database\Migrations\2024-01-29-071516_OrgRemoveDuplicate.php
2026-03-10 14:54:22 C:\xampp_v8_1_25\htdocs\apps\jariyatum_app-search\app\Views\_share\_activity_1_2_1b_edit.php
2026-03-10 14:54:32 C:\xampp_v8_1_25\htdocs\apps\jariyatum_app-search\app\Helpers\AppStatus_Helper.php
2026-03-10 14:54:34 C:\xampp_v8_1_25\htdocs\apps\jariyatum_app-search\app\Helpers\AppStatus_Helper.php
2026-03-10 14:55:03 #Search [da]
2026-03-10 14:55:03 C:\xampp_v8_1_25\htdocs\apps\jariyatum_app-search\app\Cells\Entry\SelectedActivityCell
2026-03-10 14:55:04 C:\xampp_v8_1_25\htdocs\apps\jariyatum_app-search\app\Config\Database.php
2026-03-10 14:55:04 #Search [dat]
2026-03-10 14:55:04 #Search [data]
2026-03-10 14:55:04 C:\xampp_v8_1_25\htdocs\apps\jariyatum_app-search\app\Config\Database.php
2026-03-10 14:55:13 C:\xampp_v8_1_25\htdocs\apps\jariyatum_app-search\app\Config\Database.php
2026-03-10 14:55:13 #Search [dat]
2026-03-10 14:55:13 C:\xampp_v8_1_25\htdocs\apps\jariyatum_app-search\app\Cells\Entry\SelectedActivityCell
2026-03-10 14:55:13 #Search [da]
2026-03-10 14:55:19 #Search [lo]
2026-03-10 14:55:19 C:\xampp_v8_1_25\htdocs\apps\jariyatum_app-search\app\Cells\Auth\LogonForm
2026-03-10 14:55:19 #Search [log]
2026-03-10 14:55:19 C:\xampp_v8_1_25\htdocs\apps\jariyatum_app-search\app\Cells\Auth\LogonForm
2026-03-10 14:56:11 C:\xampp_v8_1_25\htdocs\apps\jariyatum_app-search\app\Views\TesterController\dialog2.php
2026-03-10 14:56:17 C:\xampp_v8_1_25\htdocs\apps\jariyatum_app-search\app\Helpers\AppStatus_Helper.php
2026-03-10 14:56:18 C:\xampp_v8_1_25\htdocs\apps\jariyatum_app-search\app\Helpers\AppStatus_Helper.php
2026-03-10 14:56:24 C:\xampp_v8_1_25\htdocs\apps\jariyatum_app-search\app\Views\Admin2\datasum\list_sending_lot.php
2026-03-10 14:56:25 C:\xampp_v8_1_25\htdocs\apps\jariyatum_app-search\app\Views\Admin2\datasum\list_sending_lot.php
2026-03-10 14:56:29 C:\xampp_v8_1_25\htdocs\apps\jariyatum_app-search\app\Controllers\TestCellController.php
2026-03-10 14:56:30 C:\xampp_v8_1_25\htdocs\apps\jariyatum_app-search\app\Controllers\TestCellController.php
2026-03-10 14:56:35 C:\xampp_v8_1_25\htdocs\apps\jariyatum_app-search\app\Cells\AdminInfoCell
2026-03-10 14:56:35 C:\xampp_v8_1_25\htdocs\apps\jariyatum_app-search\app\Cells\AdminInfoCell
2026-03-10 14:56:38 C:\xampp_v8_1_25\htdocs\apps\jariyatum_app-search\app\Config\UserAgents.php
2026-03-10 14:56:42 C:\xampp_v8_1_25\htdocs\apps\jariyatum_app-search\app\Config\UserAgents.php
2026-03-10 14:56:45 C:\xampp_v8_1_25\htdocs\apps\jariyatum_app-search\app\Entities\UsersEntity.php
2026-03-10 14:56:46 C:\xampp_v8_1_25\htdocs\apps\jariyatum_app-search\app\Entities\UsersEntity.php
2026-03-10 14:56:50 C:\xampp_v8_1_25\htdocs\apps\jariyatum_app-search\app\Config\App.php
2026-03-10 14:56:52 C:\xampp_v8_1_25\htdocs\apps\jariyatum_app-search\tests\_support\Database\Seeds\TestNotSend67.php
2026-03-10 14:56:54 C:\xampp_v8_1_25\htdocs\apps\jariyatum_app-search\app\Cells\Entry\FileUploadButton\View.php
2026-03-10 14:56:56 C:\xampp_v8_1_25\htdocs\apps\jariyatum_app-search\app\Database\Migrations\sql_create\orgs.php
2026-03-10 14:56:57 C:\xampp_v8_1_25\htdocs\apps\jariyatum_app-search\app\Database\Migrations\sql_create\orgs.php
2026-03-10 14:57:02 C:\xampp_v8_1_25\htdocs\apps\jariyatum_app-search\tests\_support\Database\Migrations\2024-01-23-042749_AddEvidenceTypeType.php
2026-03-10 14:57:07 C:\xampp_v8_1_25\htdocs\apps\jariyatum_app-search\app\Entities\LockEditStatusEntity.php
2026-03-10 14:57:08 C:\xampp_v8_1_25\htdocs\apps\jariyatum_app-search\app\Entities\LockEditStatusEntity.php
2026-03-10 14:57:09 C:\xampp_v8_1_25\htdocs\apps\jariyatum_app-search\app\Entities\LockEditStatusEntity.php
2026-03-10 14:57:11 C:\xampp_v8_1_25\htdocs\apps\jariyatum_app-search\app\Cells\TestCell
2026-03-10 14:57:12 C:\xampp_v8_1_25\htdocs\apps\jariyatum_app-search\app\Entities\LockEditStatusEntity.php
2026-03-10 14:57:16 C:\xampp_v8_1_25\htdocs\apps\jariyatum_app-search\app\Entities\LockEditStatusEntity.php
2026-03-10 14:57:17 C:\xampp_v8_1_25\htdocs\apps\jariyatum_app-search\app\Entities\LockEditStatusEntity.php
2026-03-10 14:57:17 C:\xampp_v8_1_25\htdocs\apps\jariyatum_app-search\app\Entities\LockEditStatusEntity.php
2026-03-10 14:57:23 C:\xampp_v8_1_25\htdocs\apps\jariyatum_app-search\app\Cells\Approver\Selector\activity_cell_view_user_approve.php
2026-03-10 14:57:24 C:\xampp_v8_1_25\htdocs\apps\jariyatum_app-search\app\Cells\Approver\Selector\activity_cell_view_user_approve.php
2026-03-10 14:57:30 C:\xampp_v8_1_25\htdocs\apps\jariyatum_app-search\app\Cells\Approver\Selector\activity_cell_view_user_approve.php
2026-03-10 14:57:31 C:\xampp_v8_1_25\htdocs\apps\jariyatum_app-search\app\Cells\Approver\Selector\activity_cell_view_user_approve.php
2026-03-10 14:57:34 C:\xampp_v8_1_25\htdocs\apps\jariyatum_app-search\app\Views\default_admin.php
2026-03-10 14:57:35 C:\xampp_v8_1_25\htdocs\apps\jariyatum_app-search\app\Views\default_admin.php
2026-03-10 14:57:39 C:\xampp_v8_1_25\htdocs\apps\jariyatum_app-search\app\Database\Migrations\2023-10-02-084319_CreateTableForms.php
2026-03-10 14:57:40 C:\xampp_v8_1_25\htdocs\apps\jariyatum_app-search\app\Database\Migrations\2023-10-02-084319_CreateTableForms.php
2026-03-10 14:57:43 C:\xampp_v8_1_25\htdocs\apps\jariyatum_app-search\app\Database\Migrations\2020-02-22-222222_example_migration.php
2026-03-10 14:57:43 C:\xampp_v8_1_25\htdocs\apps\jariyatum_app-search\app\Database\Migrations\2020-02-22-222222_example_migration.php
2026-03-10 14:57:49 C:\xampp_v8_1_25\htdocs\apps\jariyatum_app-search\app\Database\Migrations\2020-02-22-222222_example_migration.php
2026-03-10 14:57:49 C:\xampp_v8_1_25\htdocs\apps\jariyatum_app-search\app\Database\Migrations\2020-02-22-222222_example_migration.php
2026-03-10 14:57:56 C:\xampp_v8_1_25\htdocs\apps\jariyatum_app-search\app\Cells\TopMenuCell.php
2026-03-10 14:57:57 C:\xampp_v8_1_25\htdocs\apps\jariyatum_app-search\app\Cells\TopMenuCell.php
2026-03-10 14:58:00 C:\xampp_v8_1_25\htdocs\apps\jariyatum_app-search\app\Cells\TopMenuCell.php
2026-03-10 14:58:03 C:\xampp_v8_1_25\htdocs\apps\jariyatum_app-search\app\Cells\Entry\ShowEvidenceType\CheckboxCell.php
2026-03-10 14:58:05 C:\xampp_v8_1_25\htdocs\apps\jariyatum_app-search\app\Cells\Entry\ShowEvidenceType\CheckboxCell.php
2026-03-10 20:14:12 C:\xampp_v8_1_25\htdocs\apps\jariyatum_app-search\tests\session\ExampleSessionTest.php
2026-03-10 20:14:14 C:\xampp_v8_1_25\htdocs\apps\jariyatum_app-search\tests\session\ExampleSessionTest.php
2026-03-10 20:14:14 C:\xampp_v8_1_25\htdocs\apps\jariyatum_app-search\tests\session\ExampleSessionTest.php
2026-03-10 20:14:14 C:\xampp_v8_1_25\htdocs\apps\jariyatum_app-search\tests\session\ExampleSessionTest.php
2026-03-10 20:14:16 C:\xampp_v8_1_25\htdocs\apps\jariyatum_app-search\app\Views\_ui_uploader
2026-03-10 20:14:29 C:\xampp_v8_1_25\htdocs\apps\jariyatum_app-search\app\Views\default_user_entry_no_trimad.php
2026-03-10 20:14:33 C:\xampp_v8_1_25\htdocs\apps\jariyatum_app-search\app\Views\_share\_form_select_trimad_2.php
2026-03-10 20:14:35 C:\xampp_v8_1_25\htdocs\apps\jariyatum_app-search\app\Views\_share\_form_select_trimad_2.php
2026-03-10 20:14:36 C:\xampp_v8_1_25\htdocs\apps\jariyatum_app-search\app\Views\default_user_entry_no_trimad.php
2026-03-10 20:14:38 C:\xampp_v8_1_25\htdocs\apps\jariyatum_app-search\app\Views\_share\_form_select_trimad_2.php
2026-03-10 20:14:42 C:\xampp_v8_1_25\htdocs\apps\jariyatum_app-search\app\Views\_share\_activity_2_3_edit.php
2026-03-10 20:14:43 C:\xampp_v8_1_25\htdocs\apps\jariyatum_app-search\app\Views\_share\_activity_2_3_edit.php
2026-03-10 20:14:44 C:\xampp_v8_1_25\htdocs\apps\jariyatum_app-search\app\Views\_share\_activity_2_3_edit.php
2026-03-10 20:14:47 C:\xampp_v8_1_25\htdocs\apps\jariyatum_app-search\app\Views\Entry\Selector
2026-03-10 20:14:49 C:\xampp_v8_1_25\htdocs\apps\jariyatum_app-search\app\Views\Entry\Selector
2026-03-10 20:14:53 C:\xampp_v8_1_25\htdocs\apps\jariyatum_app-search\app\Views\Entry\Selector\Activity.php
2026-03-10 20:14:53 C:\xampp_v8_1_25\htdocs\apps\jariyatum_app-search\app\Views\Entry\Selector\Activity.php
2026-03-10 20:15:06 C:\xampp_v8_1_25\htdocs\apps\jariyatum_app-search\app\Views\templates
2026-03-10 20:15:34 C:\xampp_v8_1_25\htdocs\apps\jariyatum_app-search\app\Views\templates
2026-03-10 20:15:35 C:\xampp_v8_1_25\htdocs\apps\jariyatum_app-search\app\Views\templates
2026-03-10 20:15:38 C:\xampp_v8_1_25\htdocs\apps\jariyatum_app-search\app\Views\templates\header.php
2026-03-10 20:15:40 C:\xampp_v8_1_25\htdocs\apps\jariyatum_app-search\app\Views\templates\template1.php
2026-03-10 20:15:41 C:\xampp_v8_1_25\htdocs\apps\jariyatum_app-search\app\Views\templates
2026-03-10 20:15:51 C:\xampp_v8_1_25\htdocs\apps\jariyatum_app-search\app\Views\_share_menu\_it_dev_menu.php
2026-03-10 20:15:53 C:\xampp_v8_1_25\htdocs\apps\jariyatum_app-search\app\Views\Entry
2026-03-10 20:15:54 C:\xampp_v8_1_25\htdocs\apps\jariyatum_app-search\app\Views\Entry
2026-03-10 20:15:56 C:\xampp_v8_1_25\htdocs\apps\jariyatum_app-search\app\Views\Entry\Selector
2026-03-10 20:15:57 C:\xampp_v8_1_25\htdocs\apps\jariyatum_app-search\app\Views\Entry\Selector
2026-03-10 20:16:03 C:\xampp_v8_1_25\htdocs\apps\jariyatum_app-search\app\Views\Entry
2026-03-10 20:16:04 C:\xampp_v8_1_25\htdocs\apps\jariyatum_app-search\app\Views\Entry
2026-03-10 20:16:06 C:\xampp_v8_1_25\htdocs\apps\jariyatum_app-search\app\Views\Entry\Selector
2026-03-10 20:16:13 C:\xampp_v8_1_25\htdocs\apps\jariyatum_app-search\app\Views\ITSupport
2026-03-10 20:16:14 C:\xampp_v8_1_25\htdocs\apps\jariyatum_app-search\app\Views\ITSupport
2026-03-10 20:16:19 C:\xampp_v8_1_25\htdocs\apps\jariyatum_app-search\app\Views\Admin2\users_profile.php
2026-03-10 20:16:20 C:\xampp_v8_1_25\htdocs\apps\jariyatum_app-search\app\Views\Admin2\check
2026-03-10 20:16:21 C:\xampp_v8_1_25\htdocs\apps\jariyatum_app-search\app\Views\Admin2\check
2026-03-10 20:16:24 C:\xampp_v8_1_25\htdocs\apps\jariyatum_app-search\app\Views\Admin2\check\calendar01_css.php
2026-03-10 20:16:32 C:\xampp_v8_1_25\htdocs\apps\jariyatum_app-search\app\Views\ProvinceApprove\archive_trimad
2026-03-10 20:16:33 C:\xampp_v8_1_25\htdocs\apps\jariyatum_app-search\app\Views\ProvinceApprove\archive_trimad
2026-03-10 20:16:36 C:\xampp_v8_1_25\htdocs\apps\jariyatum_app-search\app\Views\ProvinceApprove\archive_trimad\subview1.php
2026-03-10 20:16:48 C:\xampp_v8_1_25\htdocs\apps\jariyatum_app-search\app\Views\_share\_calendar_now.php
2026-03-10 20:16:49 C:\xampp_v8_1_25\htdocs\apps\jariyatum_app-search\app\Views\_share\_calendar_now.php
2026-03-10 20:16:50 C:\xampp_v8_1_25\htdocs\apps\jariyatum_app-search\app\Views\_share
2026-03-10 20:16:59 C:\xampp_v8_1_25\htdocs\apps\jariyatum_app-search\app\Config\Generators.php
2026-03-10 20:17:02 C:\xampp_v8_1_25\htdocs\apps\jariyatum_app-search\tests\unit\helper\AppStatusTest.php
2026-03-10 20:17:03 C:\xampp_v8_1_25\htdocs\apps\jariyatum_app-search\tests\_support\Database\Migrations\2023-10-25-068802_AddEvidenceData.php
2026-03-10 20:17:05 C:\xampp_v8_1_25\htdocs\apps\jariyatum_app-search\app\Controllers\MyProfile.php
2026-03-10 20:17:07 C:\xampp_v8_1_25\htdocs\apps\jariyatum_app-search\public\assets\pdf\manual-admin.pdf
2026-03-10 20:17:08 C:\xampp_v8_1_25\htdocs\apps\jariyatum_app-search\tests\_support\Models
2026-03-10 20:17:10 C:\xampp_v8_1_25\htdocs\apps\jariyatum_app-search\tests\_support\Models
2026-03-10 20:17:13 C:\xampp_v8_1_25\htdocs\apps\jariyatum_app-search\tests\_support\Models
2026-03-10 20:17:14 C:\xampp_v8_1_25\htdocs\apps\jariyatum_app-search\tests\_support\Models
2026-03-10 20:17:15 C:\xampp_v8_1_25\htdocs\apps\jariyatum_app-search\tests\_support\Models
2026-03-10 20:17:17 C:\xampp_v8_1_25\htdocs\apps\jariyatum_app-search\tests\_support\Models\ExampleModel.php
2026-03-10 20:17:25 C:\xampp_v8_1_25\htdocs\apps\jariyatum_app-search\tests\unitcontroller\ProvinceEntry1Test.php
2026-03-10 20:33:04 /test/path
2026-03-10 20:33:09 /test/path
2026-03-10 20:33:14 /test/path
2026-03-10 20:33:19 /test/path
2026-03-10 20:33:24 /test/path
2026-03-10 20:33:26 C:\xampp_v8_1_25\htdocs\apps\jariyatum_app-search\app\Cells\AdminCell
2026-03-10 20:33:28 C:\xampp_v8_1_25\htdocs\apps\jariyatum_app-search\tests\unit\form
2026-03-10 20:33:29 /test/path
2026-03-10 20:33:32 C:\xampp_v8_1_25\htdocs\apps\jariyatum_app-search\tests\_support\Database\Migrations\2023-10-02-084319_CreateTableForms.php
2026-03-10 20:33:33 C:\xampp_v8_1_25\htdocs\apps\jariyatum_app-search\tests\_support\Database\Migrations\2023-10-02-084319_CreateTableForms.php
2026-03-10 20:33:34 /test/path
2026-03-10 20:33:35 C:\xampp_v8_1_25\htdocs\apps\jariyatum_app-search\app\Views\ITSupport\ListTables
2026-03-10 20:33:37 C:\xampp_v8_1_25\htdocs\apps\jariyatum_app-search\app\Views\ITSupport\ListTables
2026-03-10 20:33:39 /test/path
2026-03-10 20:33:40 C:\xampp_v8_1_25\htdocs\apps\jariyatum_app-search\app\Views\ITSupport\ListTables
2026-03-10 20:33:44 /test/path
2026-03-10 20:33:49 /test/path
2026-03-10 20:33:54 /test/path
2026-03-10 20:33:57 C:\xampp_v8_1_25\htdocs\apps\jariyatum_app-search\app\Views\Entry\Selector
2026-03-10 20:33:59 C:\xampp_v8_1_25\htdocs\apps\jariyatum_app-search\app\Views\Entry\Selector
2026-03-10 20:33:59 /test/path
2026-03-10 20:34:00 C:\xampp_v8_1_25\htdocs\apps\jariyatum_app-search\app\Views\Entry\Selector
2026-03-10 20:34:03 C:\xampp_v8_1_25\htdocs\apps\jariyatum_app-search\app\Views\Entry\Selector
2026-03-10 20:34:04 /test/path
2026-03-10 20:34:05 C:\xampp_v8_1_25\htdocs\apps\jariyatum_app-search\app\Views\Entry\Selector
2026-03-10 20:34:09 /test/path
2026-03-10 20:34:14 /test/path
2026-03-10 20:34:19 /test/path
2026-03-10 20:34:21 #Search [da]
2026-03-10 20:34:21 C:\xampp_v8_1_25\htdocs\apps\jariyatum_app-search\app\Views\Admin2\archive_trimad\subview1_select_year_and_org_modal.php
2026-03-10 20:34:21 #Search [dat]
2026-03-10 20:34:21 C:\xampp_v8_1_25\htdocs\apps\jariyatum_app-search\app\Views\Admin2\datasum
2026-03-10 20:34:21 #Search [data]
2026-03-10 20:34:21 C:\xampp_v8_1_25\htdocs\apps\jariyatum_app-search\app\Views\Admin2\datasum
2026-03-10 20:34:24 /test/path
2026-03-10 20:34:26 #Search [dat]
2026-03-10 20:34:26 C:\xampp_v8_1_25\htdocs\apps\jariyatum_app-search\app\Views\Admin2\datasum
2026-03-10 20:34:27 #Search [da]
2026-03-10 20:34:27 C:\xampp_v8_1_25\htdocs\apps\jariyatum_app-search\app\Views\Admin2\archive_trimad\subview1_select_year_and_org_modal.php
2026-03-10 20:34:28 C:\xampp_v8_1_25\htdocs\apps\jariyatum_app-search\app\Views\Admin2\archive_trimad\subview1_show_column_filecount.php
2026-03-10 20:34:28 #Search [fi]
2026-03-10 20:34:29 #Search [fin]
2026-03-10 20:34:29 C:\xampp_v8_1_25\htdocs\apps\jariyatum_app-search\app\Views\Admin2\report_send_year_count@finder.php
2026-03-10 20:34:29 /test/path
2026-03-10 20:34:32 #Search [fin]
2026-03-10 20:34:32 C:\xampp_v8_1_25\htdocs\apps\jariyatum_app-search\app\Views\Admin2\report_send_year_count@finder.php
2026-03-10 20:34:33 #Search [fi]
2026-03-10 20:34:33 C:\xampp_v8_1_25\htdocs\apps\jariyatum_app-search\app\Views\Admin2\archive_trimad\subview1_show_column_filecount.php
2026-03-10 20:34:33 C:\xampp_v8_1_25\htdocs\apps\jariyatum_app-search\app\Views\Admin2\archive_trimad\subview1_select_year.php
2026-03-10 20:34:33 #Search [ye]
2026-03-10 20:34:34 #Search [yea]
2026-03-10 20:34:34 C:\xampp_v8_1_25\htdocs\apps\jariyatum_app-search\app\Views\Admin2\archive_trimad\subview1_select_year.php
2026-03-10 20:34:34 C:\xampp_v8_1_25\htdocs\apps\jariyatum_app-search\app\Views\Admin2\archive_trimad\subview1_select_year.php
2026-03-10 20:34:34 #Search [year]
2026-03-10 20:34:34 /test/path
2026-03-10 20:34:39 /test/path
2026-03-10 20:34:44 /test/path
2026-03-10 20:34:49 /test/path
2026-03-10 20:34:54 /test/path
2026-03-10 20:34:55 #Search [lo]
2026-03-10 20:34:55 C:\xampp_v8_1_25\htdocs\apps\jariyatum_app-search\app\Views\Admin2\datasum\list_sending_lot.php
2026-03-10 20:34:57 #Search [lo]
2026-03-10 20:34:57 C:\xampp_v8_1_25\htdocs\apps\jariyatum_app-search\app\Views\Admin2\datasum\list_sending_lot.php
2026-03-10 20:34:59 #Search [li]
2026-03-10 20:34:59 C:\xampp_v8_1_25\htdocs\apps\jariyatum_app-search\app\Views\Admin\list_activity.php
2026-03-10 20:34:59 /test/path
2026-03-10 20:35:00 #Search [li]
2026-03-10 20:35:00 C:\xampp_v8_1_25\htdocs\apps\jariyatum_app-search\app\Views\Admin\list_activity.php
2026-03-10 20:35:01 C:\xampp_v8_1_25\htdocs\apps\jariyatum_app-search\app\Views\Admin2\archive_trimad
2026-03-10 20:35:01 #Search [hi]
2026-03-10 20:35:04 /test/path
2026-03-10 20:35:05 C:\xampp_v8_1_25\htdocs\apps\jariyatum_app-search\app\Views\Admin2\archive_trimad
2026-03-10 20:35:05 #Search [hi]
2026-03-10 20:35:09 /test/path
2026-03-10 20:35:14 /test/path
2026-03-10 20:35:19 /test/path
2026-03-10 20:35:24 /test/path
2026-03-10 20:35:29 /test/path
2026-03-10 20:35:34 /test/path
2026-03-10 20:35:39 /test/path
2026-03-10 20:35:44 /test/path
2026-03-10 20:35:49 /test/path
2026-03-10 20:35:54 /test/path
2026-03-10 20:35:59 /test/path
2026-03-10 20:36:04 /test/path
2026-03-10 20:36:17 /test/path
2026-03-10 20:37:17 /test/path
2026-03-10 20:38:17 /test/path
2026-03-10 20:38:19 /test/path
2026-03-10 20:38:20 C:\xampp_v8_1_25\htdocs\apps\jariyatum_app-search\app\Views\ProvinceEntry\edit_by_forms_id_001.php
2026-03-10 20:38:22 C:\xampp_v8_1_25\htdocs\apps\jariyatum_app-search\app\Views\ProvinceEntry\edit_by_forms_id_001.php
2026-03-10 20:38:24 C:\xampp_v8_1_25\htdocs\apps\jariyatum_app-search\app\Views\news\view.php
2026-03-10 20:38:24 /test/path
2026-03-10 20:38:24 C:\xampp_v8_1_25\htdocs\apps\jariyatum_app-search\app\Views\news\view.php
2026-03-10 20:38:27 C:\xampp_v8_1_25\htdocs\apps\jariyatum_app-search\app\Views\news\index.php
2026-03-10 20:38:28 C:\xampp_v8_1_25\htdocs\apps\jariyatum_app-search\app\Views\news\index.php
2026-03-10 20:38:29 /test/path
2026-03-10 20:38:30 C:\xampp_v8_1_25\htdocs\apps\jariyatum_app-search\app\Views\_share_menu\_first_page_by_role_menu.php
2026-03-10 20:38:31 C:\xampp_v8_1_25\htdocs\apps\jariyatum_app-search\app\Views\_share_menu\_first_page_by_role_menu.php
2026-03-10 20:38:33 C:\xampp_v8_1_25\htdocs\apps\jariyatum_app-search\app\Views\DatabaseIntegrity\hash_form_json.php
2026-03-10 20:38:34 /test/path
2026-03-10 20:38:34 C:\xampp_v8_1_25\htdocs\apps\jariyatum_app-search\app\Views\DatabaseIntegrity\hash_form_json.php
2026-03-10 20:38:37 C:\xampp_v8_1_25\htdocs\apps\jariyatum_app-search\app\Views\DatabaseIntegrity\hash_form_json.php
2026-03-10 20:38:38 C:\xampp_v8_1_25\htdocs\apps\jariyatum_app-search\app\Views\DatabaseIntegrity\hash_form_json.php
2026-03-10 20:38:39 /test/path
2026-03-10 20:38:40 C:\xampp_v8_1_25\htdocs\apps\jariyatum_app-search\app\Views\AdminDev\sample\dialog2_b.php
2026-03-10 20:38:42 C:\xampp_v8_1_25\htdocs\apps\jariyatum_app-search\app\Views\Admin\create_form.php
2026-03-10 20:38:44 /test/path
2026-03-10 20:38:47 C:\xampp_v8_1_25\htdocs\apps\jariyatum_app-search\app\Views\_share\_form_select_trimad_2.php
2026-03-10 20:38:49 /test/path
2026-03-10 20:38:50 C:\xampp_v8_1_25\htdocs\apps\jariyatum_app-search\app\Views\Admin\create_form.php
2026-03-10 20:38:50 C:\xampp_v8_1_25\htdocs\apps\jariyatum_app-search\app\Views\Admin\create_form.php
2026-03-10 20:38:54 /test/path
2026-03-10 20:38:55 C:\xampp_v8_1_25\htdocs\apps\jariyatum_app-search\app\Views\Province\main.php
2026-03-10 20:38:57 C:\xampp_v8_1_25\htdocs\apps\jariyatum_app-search\app\Views\Province\main.php
2026-03-10 20:38:59 /test/path
2026-03-10 20:39:01 C:\xampp_v8_1_25\htdocs\apps\jariyatum_app-search\app\Views\_share\_comp_change_pass.php
2026-03-10 20:39:03 C:\xampp_v8_1_25\htdocs\apps\jariyatum_app-search\app\Views\_share\_comp_change_pass.php
2026-03-10 20:39:04 /test/path
2026-03-10 20:39:07 C:\xampp_v8_1_25\htdocs\apps\jariyatum_app-search\app\Views\errors\cli\production.php
2026-03-10 20:39:07 C:\xampp_v8_1_25\htdocs\apps\jariyatum_app-search\app\Views\errors\cli\production.php
2026-03-10 20:39:09 /test/path
2026-03-10 20:39:14 /test/path
2026-03-10 20:39:19 /test/path
2026-03-10 20:39:24 /test/path
2026-03-10 20:39:29 /test/path
2026-03-10 20:39:34 /test/path
2026-03-10 20:39:39 /test/path
2026-03-10 20:39:44 /test/path
2026-03-10 20:39:49 /test/path
2026-03-10 20:39:54 /test/path
2026-03-10 20:39:59 /test/path
2026-03-10 20:40:04 /test/path
2026-03-10 20:40:09 /test/path
2026-03-10 20:40:17 /test/path
